<?xml version="1.0" encoding="UTF-8"?>
<testsuite xmlns:xsi="http://www.w3.org/2001/XMLSchema-instance" xsi:noNamespaceSchemaLocation="https://maven.apache.org/surefire/maven-surefire-plugin/xsd/surefire-test-report.xsd" name="it.pagopa.selfcare.user_group.connector.dao.UserGroupRepositoryTest" time="5.759" tests="1" errors="0" skipped="0" failures="0">
  <properties>
[...]
</properties>
  <testcase name="create" classname="it.pagopa.selfcare.user_group.connector.dao.UserGroupRepositoryTest" time="1.223"/>
</testsuite>